TN:
SF:src/__tests__/setup/prisma-mock.ts
FN:4,(anonymous_0)
FN:9,(anonymous_1)
FNF:2
FNH:0
FNDA:0,(anonymous_0)
FNDA:0,(anonymous_1)
DA:2,0
DA:4,0
DA:9,0
DA:10,0
DA:13,0
LF:5
LH:0
BRF:0
BRH:0
end_of_record
TN:
SF:src/controller/AuditLogsController.ts
FN:9,(anonymous_0)
FN:60,(anonymous_1)
FNF:2
FNH:0
FNDA:0,(anonymous_0)
FNDA:0,(anonymous_1)
DA:2,0
DA:4,0
DA:10,0
DA:11,0
DA:13,0
DA:14,0
DA:17,0
DA:18,0
DA:21,0
DA:22,0
DA:25,0
DA:26,0
DA:29,0
DA:30,0
DA:33,0
DA:34,0
DA:37,0
DA:38,0
DA:41,0
DA:43,0
DA:48,0
DA:49,0
DA:61,0
DA:62,0
DA:64,0
DA:65,0
DA:71,0
DA:73,0
DA:74,0
DA:80,0
DA:85,0
DA:86,0
LF:32
LH:0
BRDA:13,0,0,0
BRDA:17,1,0,0
BRDA:21,2,0,0
BRDA:25,3,0,0
BRDA:29,4,0,0
BRDA:33,5,0,0
BRDA:37,6,0,0
BRDA:64,7,0,0
BRDA:73,8,0,0
BRF:9
BRH:0
end_of_record
TN:
SF:src/controller/AuthController.ts
FN:10,(anonymous_0)
FN:101,(anonymous_1)
FN:129,(anonymous_2)
FN:151,(anonymous_3)
FN:201,(anonymous_4)
FN:220,(anonymous_5)
FNF:6
FNH:0
FNDA:0,(anonymous_0)
FNDA:0,(anonymous_1)
FNDA:0,(anonymous_2)
FNDA:0,(anonymous_3)
FNDA:0,(anonymous_4)
FNDA:0,(anonymous_5)
DA:2,0
DA:4,0
DA:11,0
DA:12,0
DA:17,0
DA:23,0
DA:24,0
DA:32,0
DA:33,0
DA:40,0
DA:43,0
DA:45,0
DA:50,0
DA:52,0
DA:53,0
DA:58,0
DA:59,0
DA:65,0
DA:74,0
DA:75,0
DA:76,0
DA:79,0
DA:87,0
DA:88,0
DA:102,0
DA:104,0
DA:105,0
DA:111,0
DA:117,0
DA:118,0
DA:130,0
DA:134,0
DA:139,0
DA:140,0
DA:152,0
DA:153,0
DA:155,0
DA:156,0
DA:162,0
DA:163,0
DA:164,0
DA:166,0
DA:167,0
DA:173,0
DA:181,0
DA:189,0
DA:190,0
DA:202,0
DA:203,0
DA:208,0
DA:209,0
DA:221,0
DA:222,0
DA:227,0
DA:228,0
LF:55
LH:0
BRDA:13,0,0,0
BRDA:13,0,1,0
BRDA:14,1,0,0
BRDA:14,1,1,0
BRDA:23,2,0,0
BRDA:23,3,0,0
BRDA:23,3,1,0
BRDA:32,4,0,0
BRDA:32,5,0,0
BRDA:32,5,1,0
BRDA:50,6,0,0
BRDA:52,7,0,0
BRDA:52,7,1,0
BRDA:58,8,0,0
BRDA:58,8,1,0
BRDA:74,9,0,0
BRDA:92,10,0,0
BRDA:92,10,1,0
BRDA:104,11,0,0
BRDA:155,12,0,0
BRDA:166,13,0,0
BRF:21
BRH:0
end_of_record
TN:
SF:src/controller/BonusesController.ts
FN:9,(anonymous_0)
FN:31,(anonymous_1)
FN:68,(anonymous_2)
FN:107,(anonymous_3)
FNF:4
FNH:0
FNDA:0,(anonymous_0)
FNDA:0,(anonymous_1)
FNDA:0,(anonymous_2)
FNDA:0,(anonymous_3)
DA:2,0
DA:4,0
DA:10,0
DA:11,0
DA:12,0
DA:13,0
DA:19,0
DA:20,0
DA:32,0
DA:33,0
DA:35,0
DA:36,0
DA:42,0
DA:44,0
DA:45,0
DA:51,0
DA:56,0
DA:57,0
DA:69,0
DA:70,0
DA:71,0
DA:73,0
DA:74,0
DA:80,0
DA:82,0
DA:83,0
DA:89,0
DA:95,0
DA:96,0
DA:108,0
DA:109,0
DA:111,0
DA:112,0
DA:118,0
DA:120,0
DA:121,0
DA:127,0
DA:133,0
DA:134,0
LF:39
LH:0
BRDA:35,0,0,0
BRDA:44,1,0,0
BRDA:73,2,0,0
BRDA:82,3,0,0
BRDA:111,4,0,0
BRDA:120,5,0,0
BRF:6
BRH:0
end_of_record
TN:
SF:src/controller/ClockLogsController.ts
FN:12,(anonymous_0)
FNF:1
FNH:0
FNDA:0,(anonymous_0)
DA:2,0
DA:4,0
DA:13,0
DA:16,0
DA:17,0
DA:20,0
DA:21,0
DA:22,0
DA:26,0
DA:27,0
DA:30,0
LF:11
LH:0
BRDA:16,0,0,0
BRDA:16,1,0,0
BRDA:16,1,1,0
BRF:3
BRH:0
end_of_record
TN:
SF:src/controller/DeductionsController.ts
FN:12,(anonymous_0)
FN:29,(anonymous_1)
FN:49,(anonymous_2)
FN:75,(anonymous_3)
FNF:4
FNH:0
FNDA:0,(anonymous_0)
FNDA:0,(anonymous_1)
FNDA:0,(anonymous_2)
FNDA:0,(anonymous_3)
DA:2,0
DA:4,0
DA:13,0
DA:14,0
DA:15,0
DA:17,0
DA:18,0
DA:33,0
DA:34,0
DA:35,0
DA:37,0
DA:38,0
DA:50,0
DA:51,0
DA:53,0
DA:54,0
DA:58,0
DA:59,0
DA:61,0
DA:63,0
DA:64,0
DA:76,0
DA:78,0
DA:79,0
DA:80,0
DA:81,0
DA:83,0
DA:87,0
DA:88,0
LF:29
LH:0
BRDA:58,0,0,0
BRDA:80,1,0,0
BRF:2
BRH:0
end_of_record
TN:
SF:src/controller/EmployeeController.ts
FN:12,(anonymous_0)
FN:31,(anonymous_1)
FN:61,(anonymous_2)
FN:87,(anonymous_3)
FNF:4
FNH:0
FNDA:0,(anonymous_0)
FNDA:0,(anonymous_1)
FNDA:0,(anonymous_2)
FNDA:0,(anonymous_3)
DA:2,0
DA:4,0
DA:13,0
DA:15,0
DA:16,0
DA:17,0
DA:19,0
DA:20,0
DA:32,0
DA:34,0
DA:35,0
DA:36,0
DA:40,0
DA:42,0
DA:43,0
DA:44,0
DA:45,0
DA:47,0
DA:49,0
DA:50,0
DA:62,0
DA:63,0
DA:65,0
DA:66,0
DA:70,0
DA:71,0
DA:73,0
DA:75,0
DA:76,0
DA:88,0
DA:89,0
DA:90,0
DA:92,0
DA:93,0
LF:34
LH:0
BRDA:34,0,0,0
BRDA:34,1,0,0
BRDA:34,1,1,0
BRDA:44,2,0,0
BRDA:70,3,0,0
BRF:5
BRH:0
end_of_record
TN:
SF:src/controller/EmployeeDeductionsController.ts
FN:11,(anonymous_0)
FN:45,(anonymous_1)
FNF:2
FNH:0
FNDA:0,(anonymous_0)
FNDA:0,(anonymous_1)
DA:2,0
DA:4,0
DA:12,0
DA:13,0
DA:15,0
DA:16,0
DA:22,0
DA:27,0
DA:33,0
DA:34,0
DA:46,0
DA:47,0
DA:49,0
DA:50,0
DA:56,0
DA:61,0
DA:66,0
DA:67,0
LF:18
LH:0
BRDA:15,0,0,0
BRDA:15,1,0,0
BRDA:15,1,1,0
BRDA:36,2,0,0
BRDA:36,2,1,0
BRDA:49,3,0,0
BRDA:49,4,0,0
BRDA:49,4,1,0
BRDA:69,5,0,0
BRDA:69,5,1,0
BRF:10
BRH:0
end_of_record
TN:
SF:src/controller/LaborEventsController.ts
FN:13,(anonymous_0)
FN:37,(anonymous_1)
FN:59,(anonymous_2)
FN:88,(anonymous_3)
FN:113,(anonymous_4)
FN:158,(anonymous_5)
FNF:6
FNH:0
FNDA:0,(anonymous_0)
FNDA:0,(anonymous_1)
FNDA:0,(anonymous_2)
FNDA:0,(anonymous_3)
FNDA:0,(anonymous_4)
FNDA:0,(anonymous_5)
DA:2,0
DA:5,0
DA:17,0
DA:19,0
DA:20,0
DA:23,0
DA:25,0
DA:26,0
DA:41,0
DA:43,0
DA:44,0
DA:45,0
DA:47,0
DA:48,0
DA:63,0
DA:64,0
DA:66,0
DA:67,0
DA:71,0
DA:72,0
DA:74,0
DA:76,0
DA:77,0
DA:92,0
DA:94,0
DA:95,0
DA:96,0
DA:97,0
DA:99,0
DA:101,0
DA:102,0
DA:117,0
DA:119,0
DA:122,0
DA:123,0
DA:125,0
DA:126,0
DA:127,0
DA:130,0
DA:141,0
DA:144,0
DA:146,0
DA:147,0
DA:159,0
DA:160,0
DA:161,0
DA:162,0
DA:165,0
DA:166,0
DA:167,0
DA:170,0
DA:172,0
DA:173,0
LF:53
LH:0
BRDA:71,0,0,0
BRDA:96,1,0,0
BRDA:123,2,0,0
BRDA:123,2,1,0
BRDA:125,3,0,0
BRDA:125,4,0,0
BRDA:125,4,1,0
BRDA:125,4,2,0
BRDA:161,5,0,0
BRDA:166,6,0,0
BRF:10
BRH:0
end_of_record
TN:
SF:src/controller/NomineeController.ts
FN:9,(anonymous_0)
FN:26,(anonymous_1)
FN:57,(anonymous_2)
FN:79,(anonymous_3)
FNF:4
FNH:0
FNDA:0,(anonymous_0)
FNDA:0,(anonymous_1)
FNDA:0,(anonymous_2)
FNDA:0,(anonymous_3)
DA:2,0
DA:4,0
DA:10,0
DA:11,0
DA:12,0
DA:14,0
DA:15,0
DA:27,0
DA:28,0
DA:30,0
DA:31,0
DA:37,0
DA:38,0
DA:40,0
DA:45,0
DA:46,0
DA:58,0
DA:59,0
DA:60,0
DA:62,0
DA:67,0
DA:68,0
DA:80,0
DA:81,0
DA:83,0
DA:84,0
DA:90,0
DA:91,0
DA:93,0
DA:94,0
DA:100,0
DA:101,0
DA:107,0
DA:108,0
DA:114,0
DA:122,0
DA:123,0
LF:37
LH:0
BRDA:30,0,0,0
BRDA:83,1,0,0
BRDA:83,2,0,0
BRDA:83,2,1,0
BRDA:93,3,0,0
BRDA:93,4,0,0
BRDA:93,4,1,0
BRDA:100,5,0,0
BRDA:111,6,0,0
BRDA:111,6,1,0
BRDA:117,7,0,0
BRDA:117,7,1,0
BRDA:126,8,0,0
BRDA:126,8,1,0
BRF:14
BRH:0
end_of_record
TN:
SF:src/controller/PayrollController.ts
FN:12,(anonymous_0)
FN:35,(anonymous_1)
FN:63,(anonymous_2)
FN:83,(anonymous_3)
FN:104,(anonymous_4)
FNF:5
FNH:0
FNDA:0,(anonymous_0)
FNDA:0,(anonymous_1)
FNDA:0,(anonymous_2)
FNDA:0,(anonymous_3)
FNDA:0,(anonymous_4)
DA:2,0
DA:4,0
DA:13,0
DA:14,0
DA:15,0
DA:20,0
DA:21,0
DA:36,0
DA:38,0
DA:48,0
DA:49,0
DA:51,0
DA:52,0
DA:64,0
DA:65,0
DA:68,0
DA:69,0
DA:71,0
DA:72,0
DA:84,0
DA:85,0
DA:89,0
DA:90,0
DA:92,0
DA:93,0
DA:105,0
DA:106,0
DA:109,0
DA:114,0
DA:115,0
LF:30
LH:0
BRDA:40,0,0,0
BRDA:40,0,1,0
BRDA:43,1,0,0
BRDA:43,1,1,0
BRDA:44,2,0,0
BRDA:44,2,1,0
BRDA:68,3,0,0
BRDA:89,4,0,0
BRF:8
BRH:0
end_of_record
TN:
SF:src/controller/PayrollTypesController.ts
FN:12,(anonymous_0)
FN:29,(anonymous_1)
FN:59,(anonymous_2)
FN:86,(anonymous_3)
FNF:4
FNH:0
FNDA:0,(anonymous_0)
FNDA:0,(anonymous_1)
FNDA:0,(anonymous_2)
FNDA:0,(anonymous_3)
DA:2,0
DA:4,0
DA:13,0
DA:14,0
DA:15,0
DA:17,0
DA:18,0
DA:30,0
DA:31,0
DA:32,0
DA:33,0
DA:36,0
DA:37,0
DA:41,0
DA:42,0
DA:43,0
DA:45,0
DA:47,0
DA:48,0
DA:60,0
DA:61,0
DA:62,0
DA:63,0
DA:66,0
DA:67,0
DA:68,0
DA:69,0
DA:70,0
DA:72,0
DA:74,0
DA:75,0
DA:87,0
DA:88,0
DA:89,0
DA:91,0
DA:92,0
LF:36
LH:0
BRDA:31,0,0,0
BRDA:41,1,0,0
BRDA:61,2,0,0
BRDA:68,3,0,0
BRF:4
BRH:0
end_of_record
TN:
SF:src/controller/PositionController.ts
FN:9,(anonymous_0)
FN:32,(anonymous_1)
FN:69,(anonymous_2)
FN:90,(anonymous_3)
FN:131,(anonymous_4)
FNF:5
FNH:0
FNDA:0,(anonymous_0)
FNDA:0,(anonymous_1)
FNDA:0,(anonymous_2)
FNDA:0,(anonymous_3)
FNDA:0,(anonymous_4)
DA:2,0
DA:4,0
DA:10,0
DA:11,0
DA:12,0
DA:14,0
DA:20,0
DA:21,0
DA:33,0
DA:34,0
DA:36,0
DA:37,0
DA:43,0
DA:45,0
DA:46,0
DA:52,0
DA:57,0
DA:58,0
DA:70,0
DA:71,0
DA:73,0
DA:78,0
DA:79,0
DA:91,0
DA:92,0
DA:93,0
DA:95,0
DA:96,0
DA:103,0
DA:104,0
DA:106,0
DA:107,0
DA:113,0
DA:119,0
DA:120,0
DA:132,0
DA:133,0
DA:135,0
DA:136,0
DA:142,0
DA:144,0
DA:145,0
DA:151,0
DA:156,0
DA:157,0
LF:45
LH:0
BRDA:36,0,0,0
BRDA:45,1,0,0
BRDA:95,2,0,0
BRDA:106,3,0,0
BRDA:135,4,0,0
BRDA:144,5,0,0
BRF:6
BRH:0
end_of_record
TN:
SF:src/controller/ReportsController.ts
FN:8,(anonymous_0)
FN:20,(anonymous_1)
FN:39,(anonymous_2)
FN:58,(anonymous_3)
FN:75,(anonymous_4)
FN:76,(anonymous_5)
FNF:6
FNH:0
FNDA:0,(anonymous_0)
FNDA:0,(anonymous_1)
FNDA:0,(anonymous_2)
FNDA:0,(anonymous_3)
FNDA:0,(anonymous_4)
FNDA:0,(anonymous_5)
DA:2,0
DA:7,0
DA:9,0
DA:10,0
DA:11,0
DA:13,0
DA:14,0
DA:21,0
DA:22,0
DA:23,0
DA:28,0
DA:29,0
DA:30,0
DA:32,0
DA:33,0
DA:40,0
DA:41,0
DA:42,0
DA:47,0
DA:48,0
DA:49,0
DA:51,0
DA:52,0
DA:59,0
DA:60,0
DA:61,0
DA:66,0
DA:67,0
DA:72,0
DA:73,0
DA:75,0
DA:76,0
DA:79,0
DA:83,0
DA:90,0
DA:92,0
DA:93,0
DA:102,0
DA:104,0
DA:106,0
DA:109,0
LF:41
LH:0
BRDA:22,0,0,0
BRDA:41,1,0,0
BRDA:60,2,0,0
BRDA:66,3,0,0
BRDA:66,4,0,0
BRDA:66,4,1,0
BRDA:66,4,2,0
BRDA:72,5,0,0
BRDA:72,5,1,0
BRDA:73,6,0,0
BRDA:73,6,1,0
BRDA:79,7,0,0
BRDA:79,7,1,0
BRDA:83,8,0,0
BRDA:83,8,1,0
BRDA:85,9,0,0
BRDA:85,9,1,0
BRDA:90,10,0,0
BRDA:90,10,1,0
BRDA:95,11,0,0
BRDA:95,11,1,0
BRDA:95,12,0,0
BRDA:95,12,1,0
BRDA:96,13,0,0
BRDA:96,13,1,0
BRDA:99,14,0,0
BRDA:99,14,1,0
BRDA:106,15,0,0
BRDA:106,15,1,0
BRF:29
BRH:0
end_of_record
TN:
SF:src/controller/UserController.ts
FN:5,(anonymous_0)
FN:17,(anonymous_1)
FN:29,(anonymous_2)
FNF:3
FNH:0
FNDA:0,(anonymous_0)
FNDA:0,(anonymous_1)
FNDA:0,(anonymous_2)
DA:2,0
DA:4,0
DA:6,0
DA:7,0
DA:8,0
DA:10,0
DA:11,0
DA:18,0
DA:19,0
DA:20,0
DA:22,0
DA:23,0
DA:30,0
DA:31,0
DA:32,0
DA:34,0
DA:35,0
DA:40,0
DA:41,0
DA:46,0
DA:47,0
DA:49,0
DA:55,0
DA:56,0
DA:58,0
DA:60,0
LF:26
LH:0
BRDA:32,0,0,0
BRDA:32,0,1,0
BRDA:34,1,0,0
BRDA:40,2,0,0
BRDA:40,3,0,0
BRDA:40,3,1,0
BRDA:46,4,0,0
BRDA:46,4,1,0
BRDA:56,5,0,0
BRDA:56,5,1,0
BRDA:58,6,0,0
BRDA:58,6,1,0
BRF:12
BRH:0
end_of_record
TN:
SF:src/controller/VacationController.ts
FN:9,(anonymous_0)
FN:32,(anonymous_1)
FN:69,(anonymous_2)
FN:90,(anonymous_3)
FN:129,(anonymous_4)
FNF:5
FNH:0
FNDA:0,(anonymous_0)
FNDA:0,(anonymous_1)
FNDA:0,(anonymous_2)
FNDA:0,(anonymous_3)
FNDA:0,(anonymous_4)
DA:2,0
DA:4,0
DA:10,0
DA:11,0
DA:12,0
DA:14,0
DA:20,0
DA:21,0
DA:33,0
DA:34,0
DA:36,0
DA:37,0
DA:43,0
DA:45,0
DA:46,0
DA:52,0
DA:57,0
DA:58,0
DA:70,0
DA:71,0
DA:73,0
DA:78,0
DA:79,0
DA:91,0
DA:92,0
DA:93,0
DA:95,0
DA:96,0
DA:102,0
DA:104,0
DA:105,0
DA:111,0
DA:117,0
DA:118,0
DA:130,0
DA:131,0
DA:133,0
DA:134,0
DA:140,0
DA:142,0
DA:143,0
DA:149,0
DA:154,0
DA:155,0
LF:44
LH:0
BRDA:36,0,0,0
BRDA:45,1,0,0
BRDA:95,2,0,0
BRDA:104,3,0,0
BRDA:133,4,0,0
BRDA:142,5,0,0
BRF:6
BRH:0
end_of_record
TN:
SF:src/middleware/AuthMiddleware.ts
FN:19,(anonymous_0)
FN:68,(anonymous_1)
FN:69,(anonymous_2)
FN:91,(anonymous_3)
FNF:4
FNH:0
FNDA:0,(anonymous_0)
FNDA:0,(anonymous_1)
FNDA:0,(anonymous_2)
FNDA:0,(anonymous_3)
DA:2,0
DA:14,0
DA:20,0
DA:21,0
DA:23,0
DA:24,0
DA:30,0
DA:32,0
DA:33,0
DA:40,0
DA:43,0
DA:45,0
DA:46,0
DA:53,0
DA:54,0
DA:57,0
DA:58,0
DA:69,0
DA:70,0
DA:71,0
DA:77,0
DA:78,0
DA:84,0
DA:92,0
DA:93,0
DA:95,0
DA:96,0
DA:98,0
DA:99,0
DA:100,0
DA:101,0
DA:103,0
DA:104,0
DA:108,0
DA:113,0
DA:115,0
LF:36
LH:0
BRDA:23,0,0,0
BRDA:32,1,0,0
BRDA:45,2,0,0
BRDA:70,3,0,0
BRDA:77,4,0,0
BRDA:95,5,0,0
BRDA:98,6,0,0
BRDA:103,7,0,0
BRF:8
BRH:0
end_of_record
TN:
SF:src/routes/AuditLogsRoute.ts
FNF:0
FNH:0
DA:1,0
DA:2,0
DA:3,0
DA:5,0
DA:66,0
DA:96,0
DA:98,0
LF:7
LH:0
BRF:0
BRH:0
end_of_record
TN:
SF:src/routes/AuthRoute.ts
FNF:0
FNH:0
DA:1,0
DA:2,0
DA:3,0
DA:4,0
DA:6,0
DA:55,0
DA:80,0
DA:109,0
DA:149,0
DA:193,0
DA:238,0
DA:244,0
LF:12
LH:0
BRF:0
BRH:0
end_of_record
TN:
SF:src/routes/BonusesRoute.ts
FNF:0
FNH:0
DA:1,0
DA:2,0
DA:3,0
DA:5,0
DA:64,0
DA:94,0
DA:146,0
DA:176,0
DA:178,0
LF:9
LH:0
BRF:0
BRH:0
end_of_record
TN:
SF:src/routes/ClockLogsRoute.ts
FN:46,(anonymous_0)
FNF:1
FNH:0
FNDA:0,(anonymous_0)
DA:1,0
DA:2,0
DA:3,0
DA:5,0
DA:6,0
DA:46,0
DA:48,0
LF:7
LH:0
BRF:0
BRH:0
end_of_record
TN:
SF:src/routes/DeductionsRoute.ts
FNF:0
FNH:0
DA:1,0
DA:2,0
DA:3,0
DA:5,0
DA:54,0
DA:75,0
DA:124,0
DA:154,0
DA:156,0
LF:9
LH:0
BRF:0
BRH:0
end_of_record
TN:
SF:src/routes/EmployeeDeductionsRoute.ts
FN:9,(anonymous_0)
FN:9,(anonymous_1)
FNF:2
FNH:0
FNDA:0,(anonymous_0)
FNDA:0,(anonymous_1)
DA:1,0
DA:2,0
DA:4,0
DA:9,0
DA:10,0
DA:43,0
DA:75,0
DA:80,0
LF:8
LH:0
BRF:0
BRH:0
end_of_record
TN:
SF:src/routes/EmployeeRoute.ts
FNF:0
FNH:0
DA:1,0
DA:2,0
DA:3,0
DA:5,0
DA:52,0
DA:81,0
DA:127,0
DA:147,0
DA:149,0
LF:9
LH:0
BRF:0
BRH:0
end_of_record
TN:
SF:src/routes/LaborEventsRoute.ts
FNF:0
FNH:0
DA:1,0
DA:2,0
DA:3,0
DA:5,0
DA:51,0
DA:72,0
DA:118,0
DA:148,0
DA:191,0
DA:193,0
LF:10
LH:0
BRF:0
BRH:0
end_of_record
TN:
SF:src/routes/NomineeRoute.ts
FNF:0
FNH:0
DA:1,0
DA:2,0
DA:3,0
DA:5,0
DA:43,0
DA:73,0
DA:94,0
DA:155,0
DA:157,0
LF:9
LH:0
BRF:0
BRH:0
end_of_record
TN:
SF:src/routes/PayrollRoutes.ts
FNF:0
FNH:0
DA:1,0
DA:2,0
DA:3,0
DA:5,0
DA:26,0
DA:78,0
DA:108,0
DA:159,0
DA:189,0
DA:191,0
LF:10
LH:0
BRF:0
BRH:0
end_of_record
TN:
SF:src/routes/PayrollTypeRoute.ts
FNF:0
FNH:0
DA:1,0
DA:2,0
DA:3,0
DA:5,0
DA:51,0
DA:97,0
DA:127,0
DA:148,0
DA:150,0
LF:9
LH:0
BRF:0
BRH:0
end_of_record
TN:
SF:src/routes/PositionRoute.ts
FNF:0
FNH:0
DA:1,0
DA:2,0
DA:3,0
DA:5,0
DA:48,0
DA:69,0
DA:99,0
DA:145,0
DA:175,0
DA:177,0
LF:10
LH:0
BRF:0
BRH:0
end_of_record
TN:
SF:src/routes/ReportsRoute.ts
FNF:0
FNH:0
DA:1,0
DA:2,0
DA:3,0
DA:4,0
DA:6,0
DA:8,0
DA:10,0
DA:14,0
DA:18,0
DA:22,0
DA:27,0
LF:11
LH:0
BRF:0
BRH:0
end_of_record
TN:
SF:src/routes/UserRoute.ts
FNF:0
FNH:0
DA:1,0
DA:2,0
DA:3,0
DA:4,0
DA:6,0
DA:13,0
DA:25,0
DA:37,0
DA:44,0
LF:9
LH:0
BRF:0
BRH:0
end_of_record
TN:
SF:src/routes/VacationRoute.ts
FNF:0
FNH:0
DA:1,0
DA:2,0
DA:3,0
DA:5,0
DA:60,0
DA:81,0
DA:111,0
DA:163,0
DA:193,0
DA:195,0
LF:10
LH:0
BRF:0
BRH:0
end_of_record
TN:
SF:src/scripts/seedDeductions.ts
FN:5,upsertDeduction
FN:19,ensureAssignment
FN:36,main
FN:57,(anonymous_3)
FN:61,(anonymous_4)
FNF:5
FNH:0
FNDA:0,upsertDeduction
FNDA:0,ensureAssignment
FNDA:0,main
FNDA:0,(anonymous_3)
FNDA:0,(anonymous_4)
DA:1,0
DA:3,0
DA:6,0
DA:7,0
DA:8,0
DA:20,0
DA:26,0
DA:27,0
DA:37,0
DA:39,0
DA:40,0
DA:41,0
DA:42,0
DA:44,0
DA:45,0
DA:47,0
DA:48,0
DA:49,0
DA:53,0
DA:56,0
DA:58,0
DA:59,0
DA:62,0
LF:23
LH:0
BRDA:7,0,0,0
BRDA:12,1,0,0
BRDA:12,1,1,0
BRDA:13,2,0,0
BRDA:13,2,1,0
BRDA:26,3,0,0
BRF:6
BRH:0
end_of_record
TN:
SF:src/service/AuditLogsService.ts
FN:25,(anonymous_0)
FN:78,(anonymous_1)
FN:100,(anonymous_2)
FNF:3
FNH:0
FNDA:0,(anonymous_0)
FNDA:0,(anonymous_1)
FNDA:0,(anonymous_2)
DA:1,0
DA:4,0
DA:19,0
DA:26,0
DA:28,0
DA:29,0
DA:32,0
DA:33,0
DA:39,0
DA:40,0
DA:46,0
DA:47,0
DA:48,0
DA:49,0
DA:51,0
DA:52,0
DA:56,0
DA:77,0
DA:78,0
DA:101,0
DA:114,0
DA:116,0
LF:22
LH:0
BRDA:25,0,0,0
BRDA:28,1,0,0
BRDA:32,2,0,0
BRDA:39,3,0,0
BRDA:46,4,0,0
BRDA:46,5,0,0
BRDA:46,5,1,0
BRDA:48,6,0,0
BRDA:51,7,0,0
BRDA:71,8,0,0
BRDA:71,8,1,0
BRDA:72,9,0,0
BRDA:72,9,1,0
BRDA:90,10,0,0
BRDA:90,10,1,0
BRDA:91,11,0,0
BRDA:91,11,1,0
BRDA:114,12,0,0
BRF:18
BRH:0
end_of_record
TN:
SF:src/service/AuthService.ts
FN:34,(anonymous_1)
FN:119,(anonymous_2)
FN:143,(anonymous_3)
FN:161,(anonymous_4)
FN:173,(anonymous_5)
FN:216,(anonymous_6)
FN:249,(anonymous_7)
FN:257,(anonymous_8)
FN:283,(anonymous_9)
FN:294,(anonymous_10)
FNF:10
FNH:0
FNDA:0,(anonymous_1)
FNDA:0,(anonymous_2)
FNDA:0,(anonymous_3)
FNDA:0,(anonymous_4)
FNDA:0,(anonymous_5)
FNDA:0,(anonymous_6)
FNDA:0,(anonymous_7)
FNDA:0,(anonymous_8)
FNDA:0,(anonymous_9)
FNDA:0,(anonymous_10)
DA:1,0
DA:2,0
DA:3,0
DA:6,0
DA:29,0
DA:35,0
DA:36,0
DA:38,0
DA:41,0
DA:47,0
DA:50,0
DA:51,0
DA:58,0
DA:71,0
DA:74,0
DA:76,0
DA:78,0
DA:79,0
DA:86,0
DA:95,0
DA:98,0
DA:100,0
DA:108,0
DA:109,0
DA:120,0
DA:123,0
DA:125,0
DA:127,0
DA:128,0
DA:131,0
DA:132,0
DA:135,0
DA:136,0
DA:144,0
DA:150,0
DA:151,0
DA:155,0
DA:162,0
DA:163,0
DA:164,0
DA:166,0
DA:174,0
DA:175,0
DA:179,0
DA:180,0
DA:184,0
DA:198,0
DA:208,0
DA:209,0
DA:217,0
DA:218,0
DA:222,0
DA:223,0
DA:226,0
DA:239,0
DA:241,0
DA:242,0
DA:250,0
DA:251,0
DA:258,0
DA:259,0
DA:261,0
DA:263,0
DA:264,0
DA:267,0
DA:269,0
DA:270,0
DA:273,0
DA:275,0
DA:276,0
DA:284,0
DA:285,0
DA:287,0
DA:295,0
LF:74
LH:0
BRDA:47,0,0,0
BRDA:47,0,1,0
BRDA:50,1,0,0
BRDA:78,2,0,0
BRDA:125,3,0,0
BRDA:125,3,1,0
BRDA:150,4,0,0
BRDA:150,4,1,0
BRDA:152,5,0,0
BRDA:152,5,1,0
BRDA:163,6,0,0
BRDA:163,6,1,0
BRDA:179,7,0,0
BRDA:222,8,0,0
BRDA:263,9,0,0
BRDA:269,10,0,0
BRF:16
BRH:0
end_of_record
TN:
SF:src/service/BonusesService.ts
FN:12,(anonymous_0)
FN:47,(anonymous_1)
FN:95,(anonymous_2)
FN:128,(anonymous_3)
FNF:4
FNH:0
FNDA:0,(anonymous_0)
FNDA:0,(anonymous_1)
FNDA:0,(anonymous_2)
FNDA:0,(anonymous_3)
DA:1,0
DA:4,0
DA:6,0
DA:13,0
DA:26,0
DA:38,0
DA:51,0
DA:55,0
DA:56,0
DA:59,0
DA:75,0
DA:87,0
DA:96,0
DA:100,0
DA:101,0
DA:104,0
DA:108,0
DA:120,0
DA:129,0
DA:133,0
DA:134,0
DA:137,0
LF:22
LH:0
BRDA:55,0,0,0
BRDA:63,1,0,0
BRDA:63,1,1,0
BRDA:64,2,0,0
BRDA:64,2,1,0
BRDA:65,3,0,0
BRDA:65,3,1,0
BRDA:66,4,0,0
BRDA:66,4,1,0
BRDA:68,5,0,0
BRDA:68,5,1,0
BRDA:69,6,0,0
BRDA:69,6,1,0
BRDA:70,7,0,0
BRDA:70,7,1,0
BRDA:71,8,0,0
BRDA:71,8,1,0
BRDA:100,9,0,0
BRDA:133,10,0,0
BRF:19
BRH:0
end_of_record
TN:
SF:src/service/ClockLogsService.ts
FN:23,(anonymous_0)
FN:33,(anonymous_1)
FNF:2
FNH:0
FNDA:0,(anonymous_0)
FNDA:0,(anonymous_1)
DA:1,0
DA:4,0
DA:16,0
DA:24,0
DA:33,0
LF:5
LH:0
BRDA:38,0,0,0
BRDA:38,0,1,0
BRF:2
BRH:0
end_of_record
TN:
SF:src/service/DeductionsService.ts
FN:13,(anonymous_0)
FN:47,(anonymous_1)
FN:49,(anonymous_2)
FN:70,(anonymous_3)
FN:111,(anonymous_4)
FN:141,(anonymous_5)
FNF:6
FNH:0
FNDA:0,(anonymous_0)
FNDA:0,(anonymous_1)
FNDA:0,(anonymous_2)
FNDA:0,(anonymous_3)
FNDA:0,(anonymous_4)
FNDA:0,(anonymous_5)
DA:2,0
DA:5,0
DA:7,0
DA:14,0
DA:24,0
DA:39,0
DA:48,0
DA:49,0
DA:74,0
DA:85,0
DA:86,0
DA:89,0
DA:112,0
DA:116,0
DA:117,0
DA:120,0
DA:143,0
DA:147,0
DA:148,0
DA:151,0
LF:20
LH:0
BRDA:18,0,0,0
BRDA:18,0,1,0
BRDA:19,1,0,0
BRDA:19,1,1,0
BRDA:29,2,0,0
BRDA:29,2,1,0
BRDA:33,3,0,0
BRDA:33,3,1,0
BRDA:54,4,0,0
BRDA:54,4,1,0
BRDA:58,5,0,0
BRDA:58,5,1,0
BRDA:79,6,0,0
BRDA:79,6,1,0
BRDA:80,7,0,0
BRDA:80,7,1,0
BRDA:85,8,0,0
BRDA:94,9,0,0
BRDA:94,9,1,0
BRDA:98,10,0,0
BRDA:98,10,1,0
BRDA:116,11,0,0
BRDA:125,12,0,0
BRDA:125,12,1,0
BRDA:129,13,0,0
BRDA:129,13,1,0
BRDA:147,14,0,0
BRDA:156,15,0,0
BRDA:156,15,1,0
BRDA:160,16,0,0
BRDA:160,16,1,0
BRF:31
BRH:0
end_of_record
TN:
SF:src/service/EmployeeDeductions.ts
FN:14,(anonymous_0)
FN:43,(anonymous_1)
FNF:2
FNH:0
FNDA:0,(anonymous_0)
FNDA:0,(anonymous_1)
DA:1,0
DA:4,0
DA:6,0
DA:19,0
DA:27,0
DA:33,0
DA:47,0
LF:7
LH:0
BRF:0
BRH:0
end_of_record
TN:
SF:src/service/EmployeeService.ts
FN:15,(anonymous_0)
FN:82,(anonymous_1)
FN:117,(anonymous_2)
FN:164,(anonymous_3)
FN:167,(anonymous_4)
FN:196,(anonymous_5)
FN:209,(anonymous_6)
FNF:7
FNH:0
FNDA:0,(anonymous_0)
FNDA:0,(anonymous_1)
FNDA:0,(anonymous_2)
FNDA:0,(anonymous_3)
FNDA:0,(anonymous_4)
FNDA:0,(anonymous_5)
FNDA:0,(anonymous_6)
DA:1,0
DA:4,0
DA:7,0
DA:17,0
DA:18,0
DA:19,0
DA:20,0
DA:23,0
DA:29,0
DA:34,0
DA:48,0
DA:49,0
DA:52,0
DA:58,0
DA:60,0
DA:75,0
DA:83,0
DA:87,0
DA:88,0
DA:91,0
DA:93,0
DA:108,0
DA:118,0
DA:136,0
DA:137,0
DA:140,0
DA:142,0
DA:157,0
DA:165,0
DA:167,0
DA:168,0
DA:169,0
DA:185,0
DA:197,0
DA:209,0
DA:210,0
DA:211,0
DA:227,0
LF:38
LH:0
BRDA:17,0,0,0
BRDA:17,0,1,0
BRDA:18,1,0,0
BRDA:18,1,1,0
BRDA:19,2,0,0
BRDA:19,2,1,0
BRDA:20,3,0,0
BRDA:20,3,1,0
BRDA:29,4,0,0
BRDA:29,4,1,0
BRDA:29,5,0,0
BRDA:29,5,1,0
BRDA:31,6,0,0
BRDA:31,6,1,0
BRDA:48,7,0,0
BRDA:87,8,0,0
BRDA:128,9,0,0
BRDA:128,9,1,0
BRDA:129,10,0,0
BRDA:129,10,1,0
BRDA:131,11,0,0
BRDA:131,11,1,0
BRDA:136,12,0,0
BRF:23
BRH:0
end_of_record
TN:
SF:src/service/LaborEventsService.ts
FN:15,(anonymous_0)
FN:42,(anonymous_1)
FN:76,(anonymous_2)
FN:101,(anonymous_3)
FN:104,(anonymous_4)
FN:117,(anonymous_5)
FN:124,(anonymous_6)
FN:148,(anonymous_7)
FN:186,(anonymous_8)
FNF:9
FNH:0
FNDA:0,(anonymous_0)
FNDA:0,(anonymous_1)
FNDA:0,(anonymous_2)
FNDA:0,(anonymous_3)
FNDA:0,(anonymous_4)
FNDA:0,(anonymous_5)
FNDA:0,(anonymous_6)
FNDA:0,(anonymous_7)
FNDA:0,(anonymous_8)
DA:1,0
DA:5,0
DA:7,0
DA:16,0
DA:24,0
DA:31,0
DA:46,0
DA:55,0
DA:56,0
DA:59,0
DA:66,0
DA:77,0
DA:81,0
DA:82,0
DA:85,0
DA:92,0
DA:102,0
DA:104,0
DA:111,0
DA:118,0
DA:124,0
DA:138,0
DA:152,0
DA:163,0
DA:164,0
DA:169,0
DA:180,0
DA:187,0
DA:188,0
DA:192,0
DA:202,0
DA:205,0
LF:32
LH:0
BRDA:55,0,0,0
BRDA:81,1,0,0
BRDA:133,2,0,0
BRDA:133,2,1,0
BRDA:134,3,0,0
BRDA:134,3,1,0
BRDA:163,4,0,0
BRF:7
BRH:0
end_of_record
TN:
SF:src/service/PayrollService.ts
FN:14,(anonymous_0)
FN:42,(anonymous_1)
FN:49,(anonymous_2)
FN:66,(anonymous_3)
FN:89,(anonymous_4)
FN:123,(anonymous_5)
FN:141,(anonymous_6)
FN:165,oo_cm
FNF:8
FNH:3
FNDA:8,(anonymous_0)
FNDA:4,(anonymous_1)
FNDA:4,(anonymous_2)
FNDA:0,(anonymous_3)
FNDA:0,(anonymous_4)
FNDA:0,(anonymous_5)
FNDA:0,(anonymous_6)
FNDA:0,oo_cm
DA:1,1
DA:3,1
DA:5,1
DA:7,1
DA:15,8
DA:25,7
DA:34,7
DA:43,4
DA:49,4
DA:67,0
DA:70,0
DA:71,0
DA:93,0
DA:104,0
DA:106,0
DA:124,0
DA:125,0
DA:141,0
DA:154,0
DA:155,0
DA:165,1
LF:21
LH:10
BRDA:70,0,0,0
BRDA:101,1,0,0
BRDA:101,1,1,0
BRDA:104,2,0,0
BRDA:145,3,0,0
BRDA:145,3,1,0
BRDA:148,4,0,0
BRDA:148,4,1,0
BRDA:149,5,0,0
BRDA:149,5,1,0
BRDA:150,6,0,0
BRDA:150,6,1,0
BRDA:165,7,0,0
BRDA:165,7,1,0
BRF:14
BRH:0
end_of_record
TN:
SF:src/service/PayrollTypeService.ts
FN:13,(anonymous_0)
FN:44,(anonymous_1)
FN:71,(anonymous_2)
FN:91,(anonymous_3)
FN:93,(anonymous_4)
FNF:5
FNH:0
FNDA:0,(anonymous_0)
FNDA:0,(anonymous_1)
FNDA:0,(anonymous_2)
FNDA:0,(anonymous_3)
FNDA:0,(anonymous_4)
DA:1,0
DA:4,0
DA:6,0
DA:14,0
DA:15,0
DA:22,0
DA:28,0
DA:30,0
DA:31,0
DA:33,0
DA:48,0
DA:56,0
DA:62,0
DA:72,0
DA:75,0
DA:76,0
DA:78,0
DA:92,0
DA:93,0
LF:19
LH:0
BRDA:53,0,0,0
BRDA:53,0,1,0
BRDA:75,1,0,0
BRF:3
BRH:0
end_of_record
TN:
SF:src/service/PositionService.ts
FN:13,(anonymous_0)
FN:40,(anonymous_1)
FN:43,(anonymous_2)
FN:59,(anonymous_3)
FN:86,(anonymous_4)
FN:113,(anonymous_5)
FNF:6
FNH:0
FNDA:0,(anonymous_0)
FNDA:0,(anonymous_1)
FNDA:0,(anonymous_2)
FNDA:0,(anonymous_3)
FNDA:0,(anonymous_4)
FNDA:0,(anonymous_5)
DA:2,0
DA:5,0
DA:7,0
DA:14,0
DA:18,0
DA:19,0
DA:22,0
DA:32,0
DA:41,0
DA:43,0
DA:62,0
DA:71,0
DA:87,0
DA:100,0
DA:101,0
DA:104,0
DA:105,0
DA:114,0
DA:118,0
LF:19
LH:0
BRDA:18,0,0,0
BRDA:100,1,0,0
BRF:2
BRH:0
end_of_record
TN:
SF:src/service/UserService.ts
FN:69,(anonymous_0)
FN:71,(anonymous_1)
FN:74,(anonymous_2)
FN:83,(anonymous_3)
FN:90,(anonymous_4)
FN:94,(anonymous_5)
FN:110,(anonymous_6)
FN:115,(anonymous_7)
FN:118,(anonymous_8)
FNF:9
FNH:0
FNDA:0,(anonymous_0)
FNDA:0,(anonymous_1)
FNDA:0,(anonymous_2)
FNDA:0,(anonymous_3)
FNDA:0,(anonymous_4)
FNDA:0,(anonymous_5)
FNDA:0,(anonymous_6)
FNDA:0,(anonymous_7)
FNDA:0,(anonymous_8)
DA:1,0
DA:3,0
DA:23,0
DA:69,0
DA:70,0
DA:71,0
DA:74,0
DA:75,0
DA:80,0
DA:83,0
DA:84,0
DA:85,0
DA:86,0
DA:89,0
DA:91,0
DA:95,0
DA:97,0
DA:111,0
DA:115,0
DA:123,0
DA:124,0
DA:126,0
DA:127,0
DA:128,0
DA:129,0
DA:132,0
DA:136,0
DA:137,0
DA:138,0
DA:139,0
DA:142,0
DA:150,0
DA:151,0
DA:166,0
LF:34
LH:0
BRDA:71,0,0,0
BRDA:71,0,1,0
BRDA:84,1,0,0
BRDA:103,2,0,0
BRDA:103,2,1,0
BRDA:105,3,0,0
BRDA:105,3,1,0
BRDA:106,4,0,0
BRDA:106,4,1,0
BRDA:123,5,0,0
BRDA:123,5,1,0
BRDA:126,6,0,0
BRDA:136,7,0,0
BRDA:150,8,0,0
BRF:14
BRH:0
end_of_record
TN:
SF:src/service/VacationService.ts
FN:12,(anonymous_0)
FN:38,(anonymous_1)
FN:41,(anonymous_2)
FN:67,(anonymous_3)
FN:99,(anonymous_4)
FN:140,(anonymous_5)
FNF:6
FNH:0
FNDA:0,(anonymous_0)
FNDA:0,(anonymous_1)
FNDA:0,(anonymous_2)
FNDA:0,(anonymous_3)
FNDA:0,(anonymous_4)
FNDA:0,(anonymous_5)
DA:1,0
DA:4,0
DA:6,0
DA:13,0
DA:17,0
DA:18,0
DA:21,0
DA:31,0
DA:39,0
DA:40,0
DA:41,0
DA:53,0
DA:54,0
DA:55,0
DA:58,0
DA:70,0
DA:81,0
DA:103,0
DA:104,0
DA:120,0
DA:131,0
DA:141,0
DA:142,0
DA:145,0
DA:147,0
LF:25
LH:0
BRDA:17,0,0,0
BRDA:26,1,0,0
BRDA:26,1,1,0
BRDA:27,2,0,0
BRDA:27,2,1,0
BRDA:28,3,0,0
BRDA:28,3,1,0
BRDA:46,4,0,0
BRDA:46,4,1,0
BRDA:47,5,0,0
BRDA:47,5,1,0
BRDA:48,6,0,0
BRDA:48,6,1,0
BRDA:53,7,0,0
BRDA:53,7,1,0
BRDA:54,8,0,0
BRDA:54,9,0,0
BRDA:54,9,1,0
BRDA:75,10,0,0
BRDA:75,10,1,0
BRDA:76,11,0,0
BRDA:76,11,1,0
BRDA:77,12,0,0
BRDA:77,12,1,0
BRDA:86,13,0,0
BRDA:86,13,1,0
BRDA:87,14,0,0
BRDA:87,14,1,0
BRDA:88,15,0,0
BRDA:88,15,1,0
BRDA:110,16,0,0
BRDA:110,16,1,0
BRDA:111,17,0,0
BRDA:111,17,1,0
BRDA:112,18,0,0
BRDA:112,18,1,0
BRDA:125,19,0,0
BRDA:125,19,1,0
BRDA:126,20,0,0
BRDA:126,20,1,0
BRDA:127,21,0,0
BRDA:127,21,1,0
BRF:42
BRH:0
end_of_record
TN:
SF:src/utils/asyncHandler.ts
FN:17,(anonymous_0)
FN:17,(anonymous_1)
FNF:2
FNH:0
FNDA:0,(anonymous_0)
FNDA:0,(anonymous_1)
DA:17,0
DA:22,0
LF:2
LH:0
BRF:0
BRH:0
end_of_record
TN:
SF:src/utils/docs.ts
FNF:0
FNH:0
DA:1,0
DA:3,0
LF:2
LH:0
BRDA:13,0,0,0
BRDA:13,0,1,0
BRF:2
BRH:0
end_of_record
TN:
SF:src/utils/payrollUtils.ts
FN:12,calculateHoursBetween
FN:25,isDateInRange
FN:34,formatDateString
FN:43,parseDateString
FN:57,generateDateRange
FN:74,roundToMoney
FN:83,validateClockLogPairs
FN:106,(anonymous_7)
FN:136,calculateTotalHoursFromPairs
FN:154,hasOverlappingPairs
FN:173,applyPercentageDeduction
FN:183,calculateNetSalary
FN:193,validatePayrollPeriod
FNF:13
FNH:0
FNDA:0,calculateHoursBetween
FNDA:0,isDateInRange
FNDA:0,formatDateString
FNDA:0,parseDateString
FNDA:0,generateDateRange
FNDA:0,roundToMoney
FNDA:0,validateClockLogPairs
FNDA:0,(anonymous_7)
FNDA:0,calculateTotalHoursFromPairs
FNDA:0,hasOverlappingPairs
FNDA:0,applyPercentageDeduction
FNDA:0,calculateNetSalary
FNDA:0,validatePayrollPeriod
DA:12,0
DA:13,0
DA:14,0
DA:15,0
DA:25,0
DA:26,0
DA:34,0
DA:35,0
DA:43,0
DA:44,0
DA:45,0
DA:46,0
DA:48,0
DA:57,0
DA:58,0
DA:59,0
DA:61,0
DA:62,0
DA:63,0
DA:66,0
DA:74,0
DA:75,0
DA:83,0
DA:88,0
DA:89,0
DA:91,0
DA:92,0
DA:95,0
DA:96,0
DA:97,0
DA:100,0
DA:101,0
DA:102,0
DA:106,0
DA:107,0
DA:110,0
DA:112,0
DA:113,0
DA:114,0
DA:116,0
DA:117,0
DA:119,0
DA:120,0
DA:121,0
DA:122,0
DA:125,0
DA:128,0
DA:136,0
DA:137,0
DA:139,0
DA:140,0
DA:141,0
DA:142,0
DA:143,0
DA:146,0
DA:154,0
DA:155,0
DA:156,0
DA:157,0
DA:159,0
DA:160,0
DA:164,0
DA:173,0
DA:174,0
DA:183,0
DA:184,0
DA:193,0
DA:197,0
DA:199,0
DA:200,0
DA:203,0
DA:204,0
DA:207,0
DA:208,0
DA:212,0
DA:213,0
DA:214,0
DA:217,0
LF:78
LH:0
BRDA:26,0,0,0
BRDA:26,0,1,0
BRDA:45,1,0,0
BRDA:91,2,0,0
BRDA:95,3,0,0
BRDA:100,4,0,0
BRDA:119,5,0,0
BRDA:159,6,0,0
BRDA:199,7,0,0
BRDA:203,8,0,0
BRDA:207,9,0,0
BRDA:213,10,0,0
BRF:12
BRH:0
end_of_record
